23-Oct-2024 13:04:49 [[31merror[39m]: Usuário já cadastrado no banco
23-Oct-2024 13:06:16 [[31merror[39m]: Invalid token.
23-Oct-2024 13:06:32 [[31merror[39m]: Usuário já cadastrado no banco
23-Oct-2024 13:06:38 [[31merror[39m]: Usuário já cadastrado no banco
23-Oct-2024 13:13:57 [[31merror[39m]: Não há médicos cadastrados!
23-Oct-2024 13:14:38 [[31merror[39m]: O domínio gmfgail.com não existe.
23-Oct-2024 13:14:38 [[31merror[39m]: Erro na validação do email: O domínio gmfgail.com não existe.
23-Oct-2024 13:23:43 [[31merror[39m]: O domínio gdfsmail.com não existe.
23-Oct-2024 13:23:43 [[31merror[39m]: Erro na validação do email: O domínio gdfsmail.com não existe.
23-Oct-2024 13:36:14 [[31merror[39m]: Usuário não encontrado
23-Oct-2024 13:36:17 [[31merror[39m]: Usuário já cadastrado no banco
23-Oct-2024 13:36:51 [[31merror[39m]: Usuário já cadastrado no banco
23-Oct-2024 13:37:14 [[31merror[39m]: CPF já cadastrado no banco
23-Oct-2024 20:45:10 [[31merror[39m]: CPF já cadastrado no banco
24-Oct-2024 10:00:33 [[31merror[39m]: Usuário já cadastrado no banco
24-Oct-2024 10:01:14 [[31merror[39m]: Invalid token.
24-Oct-2024 10:24:27 [[31merror[39m]: Preencha todos os campos obrigatórios
24-Oct-2024 10:26:19 [[31merror[39m]: Preencha todos os campos obrigatórios
24-Oct-2024 10:26:39 [[31merror[39m]: Preencha todos os campos obrigatórios
24-Oct-2024 10:26:45 [[31merror[39m]: Preencha todos os campos obrigatórios
24-Oct-2024 10:27:52 [[31merror[39m]: Preencha todos os campos obrigatórios
24-Oct-2024 10:28:54 [[31merror[39m]: Preencha todos os campos obrigatórios
24-Oct-2024 10:29:06 [[31merror[39m]: Preencha todos os campos obrigatórios
24-Oct-2024 10:29:40 [[31merror[39m]: Preencha todos os campos obrigatórios
24-Oct-2024 10:29:43 [[31merror[39m]: Preencha todos os campos obrigatórios
24-Oct-2024 10:30:42 [[31merror[39m]: Preencha todos os campos obrigatórios
24-Oct-2024 10:30:45 [[31merror[39m]: Preencha todos os campos obrigatórios
24-Oct-2024 10:30:55 [[31merror[39m]: Preencha todos os campos obrigatórios
24-Oct-2024 10:31:44 [[31merror[39m]: Preencha todos os campos obrigatórios
24-Oct-2024 10:32:10 [[31merror[39m]: Preencha todos os campos obrigatórios
24-Oct-2024 10:35:11 [[31merror[39m]: Preencha todos os campos obrigatórios
24-Oct-2024 10:35:36 [[31merror[39m]: Preencha todos os campos obrigatórios
24-Oct-2024 10:40:31 [[31merror[39m]: Preencha todos os campos obrigatórios
24-Oct-2024 10:48:25 [[31merror[39m]: Preencha todos os campos obrigatórios
24-Oct-2024 10:51:37 [[31merror[39m]: Preencha todos os campos obrigatórios
24-Oct-2024 10:51:55 [[31merror[39m]: Preencha todos os campos obrigatórios
24-Oct-2024 10:54:14 [[31merror[39m]: Preencha todos os campos obrigatórios
24-Oct-2024 10:54:50 [[31merror[39m]: Preencha todos os campos obrigatórios
24-Oct-2024 10:56:04 [[31merror[39m]: Preencha todos os campos obrigatórios
24-Oct-2024 10:56:16 [[31merror[39m]: Preencha todos os campos obrigatórios
24-Oct-2024 10:59:57 [[31merror[39m]: Preencha todos os campos obrigatórios
24-Oct-2024 11:02:08 [[31merror[39m]: Preencha todos os campos obrigatórios
24-Oct-2024 11:04:26 [[31merror[39m]: CPF já cadastrado no banco
24-Oct-2024 11:12:37 [[31merror[39m]: Invalid token.
24-Oct-2024 11:13:09 [[31merror[39m]: Invalid token.
24-Oct-2024 11:13:16 [[31merror[39m]: Invalid token.
24-Oct-2024 11:13:43 [[31merror[39m]: Invalid token.
24-Oct-2024 11:13:45 [[31merror[39m]: Invalid token.
24-Oct-2024 11:13:52 [[31merror[39m]: Invalid token.
24-Oct-2024 11:27:13 [[31merror[39m]: Preencha todos os campos obrigatórios
24-Oct-2024 11:29:52 [[31merror[39m]: Preencha todos os campos obrigatórios
24-Oct-2024 11:36:53 [[31merror[39m]: Preencha todos os campos obrigatórios
24-Oct-2024 11:38:00 [[31merror[39m]: Preencha todos os campos obrigatórios
