16-Oct-2024 15:43:31 [[31merror[39m]: uncaughtException: isSecretaria is not defined
ReferenceError: isSecretaria is not defined
    at file:///C:/Users/Adm/OneDrive/Documentos/Projetos/Banco%20de%20dados%20NoSQL/backend/src/middlewares/global.middlewares.js:97:79
    at ModuleJob.run (node:internal/modules/esm/module_job:234:25)
    at async ModuleLoader.import (node:internal/modules/esm/loader:473:24)
    at async asyncRunEntryPointWithESMLoader (node:internal/modules/run_main:123:5)
16-Oct-2024 15:43:33 [[31merror[39m]: uncaughtException: isSecretaria is not defined
ReferenceError: isSecretaria is not defined
    at file:///C:/Users/Adm/OneDrive/Documentos/Projetos/Banco%20de%20dados%20NoSQL/backend/src/middlewares/global.middlewares.js:95:79
    at ModuleJob.run (node:internal/modules/esm/module_job:234:25)
    at async ModuleLoader.import (node:internal/modules/esm/loader:473:24)
    at async asyncRunEntryPointWithESMLoader (node:internal/modules/run_main:123:5)
16-Oct-2024 15:43:35 [[31merror[39m]: uncaughtException: isSecretaria is not defined
ReferenceError: isSecretaria is not defined
    at file:///C:/Users/Adm/OneDrive/Documentos/Projetos/Banco%20de%20dados%20NoSQL/backend/src/middlewares/global.middlewares.js:97:79
    at ModuleJob.run (node:internal/modules/esm/module_job:234:25)
    at async ModuleLoader.import (node:internal/modules/esm/loader:473:24)
    at async asyncRunEntryPointWithESMLoader (node:internal/modules/run_main:123:5)
17-Oct-2024 08:14:01 [[31merror[39m]: uncaughtException: listen EADDRINUSE: address already in use :::3000
Error: listen EADDRINUSE: address already in use :::3000
    at Server.setupListenHandle [as _listen2] (node:net:1904:16)
    at listenInCluster (node:net:1961:12)
    at Server.listen (node:net:2063:7)
    at Function.listen (C:\Users\Adm\OneDrive\Documentos\Projetos\Banco de dados NoSQL\backend\node_modules\express\lib\application.js:635:24)
    at file:///C:/Users/Adm/OneDrive/Documentos/Projetos/Banco%20de%20dados%20NoSQL/backend/server.js:6:5
    at ModuleJob.run (node:internal/modules/esm/module_job:234:25)
    at async ModuleLoader.import (node:internal/modules/esm/loader:473:24)
    at async asyncRunEntryPointWithESMLoader (node:internal/modules/run_main:123:5)
17-Oct-2024 08:17:17 [[31merror[39m]: uncaughtException: listen EADDRINUSE: address already in use :::3000
Error: listen EADDRINUSE: address already in use :::3000
    at Server.setupListenHandle [as _listen2] (node:net:1904:16)
    at listenInCluster (node:net:1961:12)
    at Server.listen (node:net:2063:7)
    at Function.listen (C:\Users\Adm\OneDrive\Documentos\Projetos\Banco de dados NoSQL\backend\node_modules\express\lib\application.js:635:24)
    at file:///C:/Users/Adm/OneDrive/Documentos/Projetos/Banco%20de%20dados%20NoSQL/backend/server.js:6:5
    at ModuleJob.run (node:internal/modules/esm/module_job:234:25)
    at async ModuleLoader.import (node:internal/modules/esm/loader:473:24)
    at async asyncRunEntryPointWithESMLoader (node:internal/modules/run_main:123:5)
17-Oct-2024 08:17:52 [[31merror[39m]: uncaughtException: listen EADDRINUSE: address already in use :::3000
Error: listen EADDRINUSE: address already in use :::3000
    at Server.setupListenHandle [as _listen2] (node:net:1904:16)
    at listenInCluster (node:net:1961:12)
    at Server.listen (node:net:2063:7)
    at Function.listen (C:\Users\Adm\OneDrive\Documentos\Projetos\Banco de dados NoSQL\backend\node_modules\express\lib\application.js:635:24)
    at file:///C:/Users/Adm/OneDrive/Documentos/Projetos/Banco%20de%20dados%20NoSQL/backend/server.js:6:5
    at ModuleJob.run (node:internal/modules/esm/module_job:234:25)
    at async ModuleLoader.import (node:internal/modules/esm/loader:473:24)
    at async asyncRunEntryPointWithESMLoader (node:internal/modules/run_main:123:5)
17-Oct-2024 08:20:54 [[31merror[39m]: uncaughtException: listen EADDRINUSE: address already in use :::3000
Error: listen EADDRINUSE: address already in use :::3000
    at Server.setupListenHandle [as _listen2] (node:net:1904:16)
    at listenInCluster (node:net:1961:12)
    at Server.listen (node:net:2063:7)
    at Function.listen (C:\Users\Adm\OneDrive\Documentos\Projetos\Banco de dados NoSQL\backend\node_modules\express\lib\application.js:635:24)
    at file:///C:/Users/Adm/OneDrive/Documentos/Projetos/Banco%20de%20dados%20NoSQL/backend/server.js:6:5
    at ModuleJob.run (node:internal/modules/esm/module_job:234:25)
    at async ModuleLoader.import (node:internal/modules/esm/loader:473:24)
    at async asyncRunEntryPointWithESMLoader (node:internal/modules/run_main:123:5)
17-Oct-2024 08:22:23 [[31merror[39m]: uncaughtException: listen EADDRINUSE: address already in use :::3000
Error: listen EADDRINUSE: address already in use :::3000
    at Server.setupListenHandle [as _listen2] (node:net:1904:16)
    at listenInCluster (node:net:1961:12)
    at Server.listen (node:net:2063:7)
    at Function.listen (C:\Users\Adm\OneDrive\Documentos\Projetos\Banco de dados NoSQL\backend\node_modules\express\lib\application.js:635:24)
    at file:///C:/Users/Adm/OneDrive/Documentos/Projetos/Banco%20de%20dados%20NoSQL/backend/server.js:6:5
    at ModuleJob.run (node:internal/modules/esm/module_job:234:25)
    at async ModuleLoader.import (node:internal/modules/esm/loader:473:24)
    at async asyncRunEntryPointWithESMLoader (node:internal/modules/run_main:123:5)
17-Oct-2024 08:22:59 [[31merror[39m]: uncaughtException: listen EADDRINUSE: address already in use :::3000
Error: listen EADDRINUSE: address already in use :::3000
    at Server.setupListenHandle [as _listen2] (node:net:1904:16)
    at listenInCluster (node:net:1961:12)
    at Server.listen (node:net:2063:7)
    at Function.listen (C:\Users\Adm\OneDrive\Documentos\Projetos\Banco de dados NoSQL\backend\node_modules\express\lib\application.js:635:24)
    at file:///C:/Users/Adm/OneDrive/Documentos/Projetos/Banco%20de%20dados%20NoSQL/backend/server.js:6:5
    at ModuleJob.run (node:internal/modules/esm/module_job:234:25)
    at async ModuleLoader.import (node:internal/modules/esm/loader:473:24)
    at async asyncRunEntryPointWithESMLoader (node:internal/modules/run_main:123:5)
