16-Oct-2024 15:37:11 [[32minfo[39m]: Payload decodificado: {"_id":"670ffd0dcb565d6c2cd403ab","iat":1729101069,"exp":1729187469}
16-Oct-2024 15:42:39 [[32minfo[39m]: Payload decodificado: {"_id":"670ffd0dcb565d6c2cd403ab","iat":1729101069,"exp":1729187469}
16-Oct-2024 17:53:50 [[33mwarn[39m]: Access denied. Not a secretary.
23-Oct-2024 13:01:57 [[32minfo[39m]: Buscando médico por nome
23-Oct-2024 13:01:58 [[32minfo[39m]: Usuário encontrado com sucesso
23-Oct-2024 13:02:33 [[32minfo[39m]: Buscando todos os médicos
23-Oct-2024 13:02:33 [[32minfo[39m]: Médicos encontrados com sucesso
23-Oct-2024 13:02:58 [[32minfo[39m]: Iniciando criação do Médico
23-Oct-2024 13:03:16 [[32minfo[39m]: Iniciando criação do Médico
23-Oct-2024 13:03:16 [[32minfo[39m]: Gerando token
23-Oct-2024 13:03:16 [[32minfo[39m]: Usuário criado com sucesso
23-Oct-2024 13:03:36 [[32minfo[39m]: Iniciando criação do Médico
23-Oct-2024 13:03:48 [[32minfo[39m]: Iniciando criação do Médico
23-Oct-2024 13:03:58 [[32minfo[39m]: Iniciando criação do Médico
23-Oct-2024 13:04:07 [[32minfo[39m]: Iniciando criação do Médico
23-Oct-2024 13:04:17 [[32minfo[39m]: Iniciando criação do Médico
23-Oct-2024 13:04:36 [[32minfo[39m]: Iniciando criação do Médico
23-Oct-2024 13:04:48 [[32minfo[39m]: Iniciando criação do Médico
23-Oct-2024 13:04:49 [[31merror[39m]: Usuário já cadastrado no banco
23-Oct-2024 13:04:56 [[32minfo[39m]: Iniciando criação do Médico
23-Oct-2024 13:05:02 [[32minfo[39m]: Iniciando criação do Médico
23-Oct-2024 13:05:16 [[32minfo[39m]: Buscando todos os médicos
23-Oct-2024 13:05:16 [[32minfo[39m]: Médicos encontrados com sucesso
23-Oct-2024 13:06:16 [[31merror[39m]: Invalid token.
23-Oct-2024 13:06:32 [[32minfo[39m]: Iniciando criação do Médico
23-Oct-2024 13:06:32 [[31merror[39m]: Usuário já cadastrado no banco
23-Oct-2024 13:06:38 [[32minfo[39m]: Iniciando criação do Médico
23-Oct-2024 13:06:38 [[31merror[39m]: Usuário já cadastrado no banco
23-Oct-2024 13:06:43 [[32minfo[39m]: Iniciando criação do Médico
23-Oct-2024 13:07:12 [[32minfo[39m]: Buscando médico para login com email: micr@gmail.com
23-Oct-2024 13:07:12 [[32minfo[39m]: Gerando token
23-Oct-2024 13:07:26 [[32minfo[39m]: Deletando médico
23-Oct-2024 13:07:33 [[32minfo[39m]: Deletando médico
23-Oct-2024 13:07:36 [[32minfo[39m]: Deletando médico
23-Oct-2024 13:08:07 [[32minfo[39m]: Deletando médico
23-Oct-2024 13:10:06 [[32minfo[39m]: Iniciando criação do Médico
23-Oct-2024 13:10:55 [[32minfo[39m]: Deletando médico
23-Oct-2024 13:11:02 [[32minfo[39m]: Buscando todos os médicos
23-Oct-2024 13:11:02 [[32minfo[39m]: Médicos encontrados com sucesso
23-Oct-2024 13:11:21 [[32minfo[39m]: Buscando médico para login com email: micropark58@gmail.com
23-Oct-2024 13:11:21 [[32minfo[39m]: Gerando token
23-Oct-2024 13:11:52 [[32minfo[39m]: Deletando médico
23-Oct-2024 13:13:47 [[32minfo[39m]: Deletando médico
23-Oct-2024 13:13:47 [[32minfo[39m]: Usuário deletado com sucesso
23-Oct-2024 13:13:53 [[32minfo[39m]: Deletando médico
23-Oct-2024 13:13:54 [[32minfo[39m]: Usuário deletado com sucesso
23-Oct-2024 13:13:57 [[32minfo[39m]: Buscando todos os médicos
23-Oct-2024 13:13:57 [[31merror[39m]: Não há médicos cadastrados!
23-Oct-2024 13:14:14 [[32minfo[39m]: Iniciando criação do Médico
23-Oct-2024 13:14:14 [[32minfo[39m]: Gerando token
23-Oct-2024 13:14:14 [[32minfo[39m]: Usuário criado com sucesso
23-Oct-2024 13:14:37 [[32minfo[39m]: Iniciando criação do Médico
23-Oct-2024 13:14:38 [[31merror[39m]: O domínio gmfgail.com não existe.
23-Oct-2024 13:14:38 [[31merror[39m]: Erro na validação do email: O domínio gmfgail.com não existe.
23-Oct-2024 13:14:56 [[32minfo[39m]: Iniciando criação do Médico
23-Oct-2024 13:15:09 [[32minfo[39m]: Buscando todos os médicos
23-Oct-2024 13:15:09 [[32minfo[39m]: Médicos encontrados com sucesso
23-Oct-2024 13:15:35 [[32minfo[39m]: Iniciando criação do Médico
23-Oct-2024 13:15:46 [[32minfo[39m]: Buscando todos os médicos
23-Oct-2024 13:15:46 [[32minfo[39m]: Médicos encontrados com sucesso
23-Oct-2024 13:15:57 [[32minfo[39m]: Buscando todos os médicos
23-Oct-2024 13:15:57 [[32minfo[39m]: Médicos encontrados com sucesso
23-Oct-2024 13:16:00 [[32minfo[39m]: Iniciando criação do Médico
23-Oct-2024 13:21:37 [[32minfo[39m]: Iniciando criação do Médico
23-Oct-2024 13:21:37 [[32minfo[39m]: Gerando token
23-Oct-2024 13:21:37 [[32minfo[39m]: Usuário criado com sucesso
23-Oct-2024 13:21:57 [[32minfo[39m]: Iniciando criação do Médico
23-Oct-2024 13:21:58 [[32minfo[39m]: Gerando token
23-Oct-2024 13:21:58 [[32minfo[39m]: Usuário criado com sucesso
23-Oct-2024 13:23:42 [[32minfo[39m]: Iniciando criação do Médico
23-Oct-2024 13:23:43 [[31merror[39m]: O domínio gdfsmail.com não existe.
23-Oct-2024 13:23:43 [[31merror[39m]: Erro na validação do email: O domínio gdfsmail.com não existe.
23-Oct-2024 13:23:55 [[32minfo[39m]: Iniciando criação do Médico
23-Oct-2024 13:23:55 [[32minfo[39m]: Gerando token
23-Oct-2024 13:23:55 [[32minfo[39m]: Usuário criado com sucesso
23-Oct-2024 13:24:20 [[32minfo[39m]: Iniciando criação do Médico
23-Oct-2024 13:24:20 [[32minfo[39m]: Gerando token
23-Oct-2024 13:24:20 [[32minfo[39m]: Usuário criado com sucesso
23-Oct-2024 13:24:35 [[32minfo[39m]: Iniciando criação do Médico
23-Oct-2024 13:24:51 [[32minfo[39m]: Iniciando criação do Médico
23-Oct-2024 13:24:52 [[32minfo[39m]: Gerando token
23-Oct-2024 13:24:52 [[32minfo[39m]: Usuário criado com sucesso
23-Oct-2024 13:25:08 [[32minfo[39m]: Buscando todos os médicos
23-Oct-2024 13:25:08 [[32minfo[39m]: Médicos encontrados com sucesso
23-Oct-2024 13:36:14 [[32minfo[39m]: Deletando médico
23-Oct-2024 13:36:14 [[31merror[39m]: Usuário não encontrado
23-Oct-2024 13:36:17 [[32minfo[39m]: Iniciando criação do Médico
23-Oct-2024 13:36:17 [[31merror[39m]: Usuário já cadastrado no banco
23-Oct-2024 13:36:51 [[32minfo[39m]: Iniciando criação do Médico
23-Oct-2024 13:36:51 [[31merror[39m]: Usuário já cadastrado no banco
23-Oct-2024 13:37:14 [[32minfo[39m]: Iniciando criação do Médico
23-Oct-2024 13:37:14 [[31merror[39m]: CPF já cadastrado no banco
23-Oct-2024 20:45:09 [[32minfo[39m]: Iniciando criação do Médico
23-Oct-2024 20:45:10 [[31merror[39m]: CPF já cadastrado no banco
23-Oct-2024 20:45:23 [[32minfo[39m]: Iniciando criação do Médico
23-Oct-2024 20:45:24 [[32minfo[39m]: Gerando token
23-Oct-2024 20:45:24 [[32minfo[39m]: Usuário criado com sucesso
